<?xml version="1.0" encoding="utf-8"?>
<!DOCTYPE coverage SYSTEM "http://cobertura.sourceforge.net/xml/coverage-04.dtd">
<coverage line-rate="0.6808510638297872" branch-rate="0" lines-covered="32" lines-valid="47" branches-covered="0" branches-valid="2" complexity="13" version="0" timestamp="1713485940">
  <sources>
    <source>/home/runner/work/devops/devops/WebAPI/WebAPI/</source>
  </sources>
  <packages>
    <package name="WebAPI" line-rate="0.6808510638297872" branch-rate="0" complexity="13">
      <classes>
        <class name="Program" filename="/home/runner/work/devops/devops/WebAPI/WebAPI/Program.cs" line-rate="0" branch-rate="0" complexity="2">
          <methods>
            <method name="&lt;Main&gt;$" signature="(System.String[])" line-rate="0" branch-rate="0" complexity="2">
              <lines>
                <line number="1" hits="0" branch="false" />
                <line number="5" hits="0" branch="false" />
                <line number="7" hits="0" branch="false" />
                <line number="8" hits="0" branch="false" />
                <line number="10" hits="0" branch="false" />
                <line number="13" hits="0" branch="true" condition-coverage="0% (0/2)" />
                <line number="14" hits="0" branch="false" />
                <line number="15" hits="0" branch="false" />
                <line number="16" hits="0" branch="false" />
                <line number="17" hits="0" branch="false" />
                <line number="19" hits="0" branch="false" />
                <line number="21" hits="0" branch="false" />
                <line number="23" hits="0" branch="false" />
                <line number="25" hits="0" branch="false" />
              </lines>
            </method>
          </methods>
          <lines>
            <line number="1" hits="0" branch="false" />
            <line number="5" hits="0" branch="false" />
            <line number="7" hits="0" branch="false" />
            <line number="8" hits="0" branch="false" />
            <line number="10" hits="0" branch="false" />
            <line number="13" hits="0" branch="true" condition-coverage="0% (0/2)" />
            <line number="14" hits="0" branch="false" />
            <line number="15" hits="0" branch="false" />
            <line number="16" hits="0" branch="false" />
            <line number="17" hits="0" branch="false" />
            <line number="19" hits="0" branch="false" />
            <line number="21" hits="0" branch="false" />
            <line number="23" hits="0" branch="false" />
            <line number="25" hits="0" branch="false" />
          </lines>
        </class>
        <class name="WebAPI.Controllers.PersonController" filename="/home/runner/work/devops/devops/WebAPI/WebAPI/Controllers/PersonController.cs" line-rate="1" branch-rate="1" complexity="4">
          <methods>
            <method name="GetPersonDetails" signature="()" line-rate="1" branch-rate="1" complexity="1">
              <lines>
                <line number="18" hits="2" branch="false" />
                <line number="19" hits="2" branch="false" />
                <line number="20" hits="2" branch="false" />
                <line number="21" hits="2" branch="false" />
                <line number="22" hits="2" branch="false" />
                <line number="23" hits="2" branch="false" />
                <line number="24" hits="2" branch="false" />
                <line number="26" hits="2" branch="false" />
                <line number="27" hits="2" branch="false" />
              </lines>
            </method>
            <method name="get_Id" signature="()" line-rate="1" branch-rate="1" complexity="1">
              <lines>
                <line number="11" hits="3" branch="false" />
              </lines>
            </method>
            <method name="get_Name" signature="()" line-rate="1" branch-rate="1" complexity="1">
              <lines>
                <line number="12" hits="5" branch="false" />
              </lines>
            </method>
            <method name="get_Age" signature="()" line-rate="1" branch-rate="1" complexity="1">
              <lines>
                <line number="13" hits="5" branch="false" />
              </lines>
            </method>
          </methods>
          <lines>
            <line number="11" hits="3" branch="false" />
            <line number="12" hits="5" branch="false" />
            <line number="13" hits="5" branch="false" />
            <line number="18" hits="2" branch="false" />
            <line number="19" hits="2" branch="false" />
            <line number="20" hits="2" branch="false" />
            <line number="21" hits="2" branch="false" />
            <line number="22" hits="2" branch="false" />
            <line number="23" hits="2" branch="false" />
            <line number="24" hits="2" branch="false" />
            <line number="26" hits="2" branch="false" />
            <line number="27" hits="2" branch="false" />
          </lines>
        </class>
        <class name="WebAPI.Controllers.WeatherForecastController" filename="/home/runner/work/devops/devops/WebAPI/WebAPI/Controllers/WeatherForecastController.cs" line-rate="1" branch-rate="1" complexity="3">
          <methods>
            <method name="Get" signature="()" line-rate="1" branch-rate="1" complexity="1">
              <lines>
                <line number="23" hits="4" branch="false" />
                <line number="24" hits="28" branch="false" />
                <line number="25" hits="28" branch="false" />
                <line number="26" hits="28" branch="false" />
                <line number="27" hits="28" branch="false" />
                <line number="28" hits="28" branch="false" />
                <line number="29" hits="28" branch="false" />
                <line number="30" hits="4" branch="false" />
                <line number="31" hits="4" branch="false" />
              </lines>
            </method>
            <method name=".ctor" signature="(Microsoft.Extensions.Logging.ILogger`1&lt;WebAPI.Controllers.WeatherForecastController&gt;)" line-rate="1" branch-rate="1" complexity="1">
              <lines>
                <line number="16" hits="4" branch="false" />
                <line number="17" hits="4" branch="false" />
                <line number="18" hits="4" branch="false" />
                <line number="19" hits="4" branch="false" />
              </lines>
            </method>
            <method name=".cctor" signature="()" line-rate="1" branch-rate="1" complexity="1">
              <lines>
                <line number="9" hits="1" branch="false" />
                <line number="10" hits="1" branch="false" />
                <line number="11" hits="1" branch="false" />
                <line number="12" hits="1" branch="false" />
              </lines>
            </method>
          </methods>
          <lines>
            <line number="9" hits="1" branch="false" />
            <line number="10" hits="1" branch="false" />
            <line number="11" hits="1" branch="false" />
            <line number="12" hits="1" branch="false" />
            <line number="16" hits="4" branch="false" />
            <line number="17" hits="4" branch="false" />
            <line number="18" hits="4" branch="false" />
            <line number="19" hits="4" branch="false" />
            <line number="23" hits="4" branch="false" />
            <line number="24" hits="28" branch="false" />
            <line number="25" hits="28" branch="false" />
            <line number="26" hits="28" branch="false" />
            <line number="27" hits="28" branch="false" />
            <line number="28" hits="28" branch="false" />
            <line number="29" hits="28" branch="false" />
            <line number="30" hits="4" branch="false" />
            <line number="31" hits="4" branch="false" />
          </lines>
        </class>
        <class name="WebAPI.WeatherForecast" filename="/home/runner/work/devops/devops/WebAPI/WebAPI/WeatherForecast.cs" line-rate="0.75" branch-rate="1" complexity="4">
          <methods>
            <method name="get_Date" signature="()" line-rate="1" branch-rate="1" complexity="1">
              <lines>
                <line number="5" hits="30" branch="false" />
              </lines>
            </method>
            <method name="get_TemperatureC" signature="()" line-rate="1" branch-rate="1" complexity="1">
              <lines>
                <line number="7" hits="30" branch="false" />
              </lines>
            </method>
            <method name="get_TemperatureF" signature="()" line-rate="0" branch-rate="1" complexity="1">
              <lines>
                <line number="9" hits="0" branch="false" />
              </lines>
            </method>
            <method name="get_Summary" signature="()" line-rate="1" branch-rate="1" complexity="1">
              <lines>
                <line number="13" hits="30" branch="false" />
              </lines>
            </method>
          </methods>
          <lines>
            <line number="5" hits="30" branch="false" />
            <line number="7" hits="30" branch="false" />
            <line number="9" hits="0" branch="false" />
            <line number="13" hits="30" branch="false" />
          </lines>
        </class>
      </classes>
    </package>
  </packages>
</coverage>